Build started 4/23/2013 7:18:31 PM.
     1>Project "C:\Users\TEEVE\Desktop\OpenCLTut\build\clTut.vcxproj" on node 3 (build target(s)).
     1>InitializeBuildStatus:
         Creating "clTut.dir\Debug\clTut.unsuccessfulbuild" because "AlwaysCreate" was specified.
       CustomBuild:
         All outputs are up-to-date.
       ClCompile:
         All outputs are up-to-date.
       ManifestResourceCompile:
         All outputs are up-to-date.
       Link:
         All outputs are up-to-date.
         clTut.vcxproj -> C:\Users\TEEVE\Desktop\OpenCLTut\build\Debug\clTut.exe
       Manifest:
         All outputs are up-to-date.
       FinalizeBuildStatus:
         Deleting file "clTut.dir\Debug\clTut.unsuccessfulbuild".
         Touching "clTut.dir\Debug\clTut.lastbuildstate".
     1>Done Building Project "C:\Users\TEEVE\Desktop\OpenCLTut\build\clTut.vcxproj" (build target(s)).

Build succeeded.

Time Elapsed 00:00:00.04
