C:\USERS\TEEVE\DESKTOP\OPENCLTUT\BUILD\CLTUT.DIR\DEBUG\ALL_BUILD.EXE.EMBED.MANIFEST
C:\USERS\TEEVE\DESKTOP\OPENCLTUT\BUILD\CLTUT.DIR\DEBUG\ALL_BUILD.EXE.EMBED.MANIFEST.RES
C:\Users\TEEVE\Desktop\OpenCLTut\build\clTut.dir\Debug\ALL_BUILD.exe.intermediate.manifest
C:\Users\TEEVE\Desktop\OpenCLTut\build\clTut.dir\Debug\ALL_BUILD_manifest.rc
C:\Users\TEEVE\Desktop\OpenCLTut\build\clTut.dir\Debug\cl.command.1.tlog
C:\Users\TEEVE\Desktop\OpenCLTut\build\clTut.dir\Debug\CL.read.1.tlog
C:\Users\TEEVE\Desktop\OpenCLTut\build\clTut.dir\Debug\CL.write.1.tlog
C:\USERS\TEEVE\DESKTOP\OPENCLTUT\BUILD\CLTUT.DIR\DEBUG\CLLIBRARY.OBJ
C:\USERS\TEEVE\DESKTOP\OPENCLTUT\BUILD\CLTUT.DIR\DEBUG\CLTUT.EXE.EMBED.MANIFEST
C:\USERS\TEEVE\DESKTOP\OPENCLTUT\BUILD\CLTUT.DIR\DEBUG\CLTUT.EXE.EMBED.MANIFEST.RES
C:\USERS\TEEVE\DESKTOP\OPENCLTUT\BUILD\CLTUT.DIR\DEBUG\CLTUT.EXE.INTERMEDIATE.MANIFEST
C:\Users\TEEVE\Desktop\OpenCLTut\build\clTut.dir\Debug\clTut.write.1.tlog
C:\Users\TEEVE\Desktop\OpenCLTut\build\clTut.dir\Debug\clTut_manifest.rc
C:\Users\TEEVE\Desktop\OpenCLTut\build\clTut.dir\Debug\custombuild.command.1.tlog
C:\Users\TEEVE\Desktop\OpenCLTut\build\clTut.dir\Debug\custombuild.read.1.tlog
C:\Users\TEEVE\Desktop\OpenCLTut\build\clTut.dir\Debug\custombuild.write.1.tlog
C:\USERS\TEEVE\DESKTOP\OPENCLTUT\BUILD\CLTUT.DIR\DEBUG\GPU_INFO.OBJ
C:\USERS\TEEVE\DESKTOP\OPENCLTUT\BUILD\CLTUT.DIR\DEBUG\IMAGE_MANIPULATION.OBJ
C:\Users\TEEVE\Desktop\OpenCLTut\build\clTut.dir\Debug\link.1876.read.1.tlog
C:\Users\TEEVE\Desktop\OpenCLTut\build\clTut.dir\Debug\link.1876.write.1.tlog
C:\Users\TEEVE\Desktop\OpenCLTut\build\clTut.dir\Debug\link.1876-cvtres.read.1.tlog
C:\Users\TEEVE\Desktop\OpenCLTut\build\clTut.dir\Debug\link.1876-cvtres.write.1.tlog
C:\Users\TEEVE\Desktop\OpenCLTut\build\clTut.dir\Debug\link.6208.read.1.tlog
C:\Users\TEEVE\Desktop\OpenCLTut\build\clTut.dir\Debug\link.6208.write.1.tlog
C:\Users\TEEVE\Desktop\OpenCLTut\build\clTut.dir\Debug\link.6208-cvtres.read.1.tlog
C:\Users\TEEVE\Desktop\OpenCLTut\build\clTut.dir\Debug\link.6208-cvtres.write.1.tlog
C:\Users\TEEVE\Desktop\OpenCLTut\build\clTut.dir\Debug\link.6580.read.1.tlog
C:\Users\TEEVE\Desktop\OpenCLTut\build\clTut.dir\Debug\link.6580.write.1.tlog
C:\Users\TEEVE\Desktop\OpenCLTut\build\clTut.dir\Debug\link.6580-cvtres.read.1.tlog
C:\Users\TEEVE\Desktop\OpenCLTut\build\clTut.dir\Debug\link.6580-cvtres.write.1.tlog
C:\Users\TEEVE\Desktop\OpenCLTut\build\clTut.dir\Debug\link.7264.read.1.tlog
C:\Users\TEEVE\Desktop\OpenCLTut\build\clTut.dir\Debug\link.7264.write.1.tlog
C:\Users\TEEVE\Desktop\OpenCLTut\build\clTut.dir\Debug\link.7264-cvtres.read.1.tlog
C:\Users\TEEVE\Desktop\OpenCLTut\build\clTut.dir\Debug\link.7264-cvtres.write.1.tlog
C:\Users\TEEVE\Desktop\OpenCLTut\build\clTut.dir\Debug\link.7936.read.1.tlog
C:\Users\TEEVE\Desktop\OpenCLTut\build\clTut.dir\Debug\link.7936.write.1.tlog
C:\Users\TEEVE\Desktop\OpenCLTut\build\clTut.dir\Debug\link.7936-cvtres.read.1.tlog
C:\Users\TEEVE\Desktop\OpenCLTut\build\clTut.dir\Debug\link.7936-cvtres.write.1.tlog
C:\Users\TEEVE\Desktop\OpenCLTut\build\clTut.dir\Debug\link.command.1.tlog
C:\Users\TEEVE\Desktop\OpenCLTut\build\clTut.dir\Debug\link.read.1.tlog
C:\Users\TEEVE\Desktop\OpenCLTut\build\clTut.dir\Debug\link.write.1.tlog
C:\Users\TEEVE\Desktop\OpenCLTut\build\clTut.dir\Debug\link-cvtres.read.1.tlog
C:\Users\TEEVE\Desktop\OpenCLTut\build\clTut.dir\Debug\link-cvtres.write.1.tlog
C:\USERS\TEEVE\DESKTOP\OPENCLTUT\BUILD\CLTUT.DIR\DEBUG\MAIN.OBJ
C:\Users\TEEVE\Desktop\OpenCLTut\build\clTut.dir\Debug\mt.command.1.tlog
C:\Users\TEEVE\Desktop\OpenCLTut\build\clTut.dir\Debug\mt.read.1.tlog
C:\Users\TEEVE\Desktop\OpenCLTut\build\clTut.dir\Debug\mt.write.1.tlog
C:\USERS\TEEVE\DESKTOP\OPENCLTUT\BUILD\CLTUT.DIR\DEBUG\OPENCL_CHECK.OBJ
C:\Users\TEEVE\Desktop\OpenCLTut\build\clTut.dir\Debug\rc.command.1.tlog
C:\Users\TEEVE\Desktop\OpenCLTut\build\clTut.dir\Debug\rc.read.1.tlog
C:\Users\TEEVE\Desktop\OpenCLTut\build\clTut.dir\Debug\rc.write.1.tlog
C:\USERS\TEEVE\DESKTOP\OPENCLTUT\BUILD\CMAKEFILES\GENERATE.STAMP
C:\USERS\TEEVE\DESKTOP\OPENCLTUT\BUILD\DEBUG\CLTUT.EXE
C:\USERS\TEEVE\DESKTOP\OPENCLTUT\BUILD\DEBUG\CLTUT.ILK
C:\USERS\TEEVE\DESKTOP\OPENCLTUT\BUILD\DEBUG\CLTUT.PDB
